<?xml version="1.0" encoding="UTF-8"?>
<!-- Generated by org.testng.reporters.JUnitXMLReporter -->
<testsuite hostname="ManishkumarG-MS" ignored="0" name="ChromeTest" tests="1" failures="0" timestamp="24 Jul 2019 15:16:50 GMT" time="0.031" errors="0">
  <testcase name="@BeforeClass beforeTest" time="0.031" classname="com.testng.ParallelSuitesTest">
    <failure type="java.lang.IllegalStateException" message="The driver executable does not exist: C:\Users\Manishkumarg\eclipse-workspace\MavenSample\Excuteable\chromedriver.exe">
      <![CDATA[java.lang.IllegalStateException: The driver executable does not exist: C:\Users\Manishkumarg\eclipse-workspace\MavenSample\Excuteable\chromedriver.exe
at com.google.common.base.Preconditions.checkState(Preconditions.java:585)
at org.openqa.selenium.remote.service.DriverService.checkExecutable(DriverService.java:146)
at org.openqa.selenium.remote.service.DriverService.findExecutable(DriverService.java:141)
at org.openqa.selenium.chrome.ChromeDriverService.access$000(ChromeDriverService.java:35)
at org.openqa.selenium.chrome.ChromeDriverService$Builder.findDefaultExecutable(ChromeDriverService.java:159)
at org.openqa.selenium.remote.service.DriverService$Builder.build(DriverService.java:355)
at org.openqa.selenium.chrome.ChromeDriverService.createDefaultService(ChromeDriverService.java:94)
at org.openqa.selenium.chrome.ChromeDriver.<init>(ChromeDriver.java:123)
at com.testng.ParallelSuitesTest.beforeTest(ParallelSuitesTest.java:31)
at java.util.concurrent.ThreadPoolExecutor.runWorker(ThreadPoolExecutor.java:1149)
at java.util.concurrent.ThreadPoolExecutor$Worker.run(ThreadPoolExecutor.java:624)
at java.lang.Thread.run(Thread.java:748)
... Removed 11 stack frames]]>
    </failure>
  </testcase> <!-- @BeforeClass beforeTest -->
  <testcase name="login" time="0.0" classname="com.testng.ParallelSuitesTest">
    <skipped/>
  </testcase> <!-- login -->
</testsuite> <!-- ChromeTest -->
