<?xml version="1.0" encoding="UTF-8"?>
<!-- Generated by org.testng.reporters.JUnitXMLReporter -->
<testsuite hostname="ManishkumarG-MS" ignored="5" name="Test" tests="1" failures="0" timestamp="24 Jul 2019 15:16:49 GMT" time="0.035" errors="0">
  <testcase name="paramertersExample" time="0.008" classname="com.testng.Class01"/>
  <testcase name="dataProviderMethod" time="0.0" classname="com.testng.Class01">
    <ignored/>
  </testcase> <!-- dataProviderMethod -->
  <testcase name="testMethod2" time="0.0" classname="com.testng.Class02">
    <ignored/>
  </testcase> <!-- testMethod2 -->
  <testcase name="testMethod1" time="0.0" classname="com.testng.Class02">
    <ignored/>
  </testcase> <!-- testMethod1 -->
  <testcase name="verifySearchButton" time="0.0" classname="com.testng.Class01">
    <ignored/>
  </testcase> <!-- verifySearchButton -->
  <testcase name="checktheTestAnotation" time="0.0" classname="com.testng.Class01">
    <ignored/>
  </testcase> <!-- checktheTestAnotation -->
</testsuite> <!-- Test -->
