<?xml version="1.0" encoding="UTF-8"?>
<!-- Generated by org.testng.reporters.JUnitXMLReporter -->
<testsuite hostname="ManishkumarG-MS" ignored="1" name="Test" tests="10" failures="0" timestamp="23 Jul 2018 07:15:04 GMT" time="18.997" errors="0">
  <testcase name="@BeforeTest launchBrowser" time="4.895" classname="test.WindowPopUpTest">
    <failure type="org.openqa.selenium.WebDriverException" message="unknown error: cannot determine loading status
from unknown error: cannot determine loading status
from disconnected: received Inspector.detached event
  (Session info: chrome=67.0.3396.99)
  (Driver info: chromedriver=2.40.565498 (ea082db3280dd6843ebfb08a625e3eb905c4f5ab),platform=Windows NT 10.0.16299 x86_64) (WARNING: The server did not provide any stacktrace information)
Command duration or timeout: 0 milliseconds
Build info: version: &amp;apos;3.13.0&amp;apos;, revision: &amp;apos;2f0d292&amp;apos;, time: &amp;apos;2018-06-25T15:32:19.891Z&amp;apos;
System info: host: &amp;apos;MANISHKUMARG-MS&amp;apos;, ip: &amp;apos;10.30.7.208&amp;apos;, os.name: &amp;apos;Windows 10&amp;apos;, os.arch: &amp;apos;amd64&amp;apos;, os.version: &amp;apos;10.0&amp;apos;, java.version: &amp;apos;1.8.0_172&amp;apos;
Driver info: org.openqa.selenium.chrome.ChromeDriver
Capabilities {acceptInsecureCerts: false, acceptSslCerts: false, applicationCacheEnabled: false, browserConnectionEnabled: false, browserName: chrome, chrome: {chromedriverVersion: 2.40.565498 (ea082db3280dd6..., userDataDir: C:\Users\MANISH~1\AppData\L...}, cssSelectorsEnabled: true, databaseEnabled: false, handlesAlerts: true, hasTouchScreen: false, javascriptEnabled: true, locationContextEnabled: true, mobileEmulationEnabled: false, nativeEvents: true, networkConnectionEnabled: false, pageLoadStrategy: normal, platform: XP, platformName: XP, rotatable: false, setWindowRect: true, takesHeapSnapshot: true, takesScreenshot: true, unexpectedAlertBehaviour: , unhandledPromptBehavior: , version: 67.0.3396.99, webStorageEnabled: true}
Session ID: 3bbfaad98daa5743c375ad760d6430bc">
      <![CDATA[org.openqa.selenium.WebDriverException: unknown error: cannot determine loading status
from unknown error: cannot determine loading status
from disconnected: received Inspector.detached event
  (Session info: chrome=67.0.3396.99)
  (Driver info: chromedriver=2.40.565498 (ea082db3280dd6843ebfb08a625e3eb905c4f5ab),platform=Windows NT 10.0.16299 x86_64) (WARNING: The server did not provide any stacktrace information)
Command duration or timeout: 0 milliseconds
Build info: version: '3.13.0', revision: '2f0d292', time: '2018-06-25T15:32:19.891Z'
System info: host: 'MANISHKUMARG-MS', ip: '10.30.7.208', os.name: 'Windows 10', os.arch: 'amd64', os.version: '10.0', java.version: '1.8.0_172'
Driver info: org.openqa.selenium.chrome.ChromeDriver
Capabilities {acceptInsecureCerts: false, acceptSslCerts: false, applicationCacheEnabled: false, browserConnectionEnabled: false, browserName: chrome, chrome: {chromedriverVersion: 2.40.565498 (ea082db3280dd6..., userDataDir: C:\Users\MANISH~1\AppData\L...}, cssSelectorsEnabled: true, databaseEnabled: false, handlesAlerts: true, hasTouchScreen: false, javascriptEnabled: true, locationContextEnabled: true, mobileEmulationEnabled: false, nativeEvents: true, networkConnectionEnabled: false, pageLoadStrategy: normal, platform: XP, platformName: XP, rotatable: false, setWindowRect: true, takesHeapSnapshot: true, takesScreenshot: true, unexpectedAlertBehaviour: , unhandledPromptBehavior: , version: 67.0.3396.99, webStorageEnabled: true}
Session ID: 3bbfaad98daa5743c375ad760d6430bc
at org.openqa.selenium.remote.ErrorHandler.createThrowable(ErrorHandler.java:214)
at org.openqa.selenium.remote.ErrorHandler.throwIfResponseFailed(ErrorHandler.java:166)
at org.openqa.selenium.remote.http.JsonHttpResponseCodec.reconstructValue(JsonHttpResponseCodec.java:40)
at org.openqa.selenium.remote.http.AbstractHttpResponseCodec.decode(AbstractHttpResponseCodec.java:80)
at org.openqa.selenium.remote.http.AbstractHttpResponseCodec.decode(AbstractHttpResponseCodec.java:44)
at org.openqa.selenium.remote.HttpCommandExecutor.execute(HttpCommandExecutor.java:158)
at org.openqa.selenium.remote.service.DriverCommandExecutor.execute(DriverCommandExecutor.java:83)
at org.openqa.selenium.remote.RemoteWebDriver.execute(RemoteWebDriver.java:548)
at org.openqa.selenium.remote.RemoteWebDriver.get(RemoteWebDriver.java:276)
at common.TestDriver.loadURL(TestDriver.java:61)
at pages.WindowPopUp.loadURLWindowPopUp(WindowPopUp.java:13)
at test.WindowPopUpTest.launchBrowser(WindowPopUpTest.java:24)
... Removed 28 stack frames]]>
    </failure>
  </testcase> <!-- @BeforeTest launchBrowser -->
  <testcase name="@BeforeMethod launchBrowser" time="0.0" classname="test.DualListBoxTest">
    <skipped/>
  </testcase> <!-- @BeforeMethod launchBrowser -->
  <testcase name="@AfterMethod close" time="0.0" classname="test.DualListBoxTest">
    <skipped/>
  </testcase> <!-- @AfterMethod close -->
  <testcase name="@BeforeMethod launchBrowser" time="0.0" classname="test.AlertBoxTest">
    <skipped/>
  </testcase> <!-- @BeforeMethod launchBrowser -->
  <testcase name="@AfterMethod close" time="0.0" classname="test.AlertBoxTest">
    <skipped/>
  </testcase> <!-- @AfterMethod close -->
  <testcase name="@BeforeMethod init" time="0.0" classname="test.BootstrapDatePickerTest">
    <skipped/>
  </testcase> <!-- @BeforeMethod init -->
  <testcase name="@AfterMethod closeBrowser" time="0.0" classname="test.BootstrapDatePickerTest">
    <skipped/>
  </testcase> <!-- @AfterMethod closeBrowser -->
  <testcase name="@BeforeMethod launchBrowser" time="0.0" classname="test.TableSortingTest">
    <skipped/>
  </testcase> <!-- @BeforeMethod launchBrowser -->
  <testcase name="@AfterMethod close" time="0.0" classname="test.TableSortingTest">
    <skipped/>
  </testcase> <!-- @AfterMethod close -->
  <testcase name="@AfterMethod close" time="0.0" classname="test.DownloadProgressTest">
    <skipped/>
  </testcase> <!-- @AfterMethod close -->
  <testcase name="@AfterMethod close" time="0.0" classname="test.DragAndDropTest">
    <skipped/>
  </testcase> <!-- @AfterMethod close -->
  <testcase name="@AfterMethod close" time="0.0" classname="test.WindowPopUpTest">
    <skipped/>
  </testcase> <!-- @AfterMethod close -->
  <testcase name="@BeforeMethod launchBrowser" time="0.0" classname="test.TableSearchFilterTest">
    <skipped/>
  </testcase> <!-- @BeforeMethod launchBrowser -->
  <testcase name="@AfterMethod tearDown" time="0.0" classname="test.TableSearchFilterTest">
    <skipped/>
  </testcase> <!-- @AfterMethod tearDown -->
  <testcase name="@BeforeMethod launchBrowser" time="0.0" classname="test.InputFormDemoTest">
    <skipped/>
  </testcase> <!-- @BeforeMethod launchBrowser -->
  <testcase name="@AfterMethod tearDown" time="0.0" classname="test.InputFormDemoTest">
    <skipped/>
  </testcase> <!-- @AfterMethod tearDown -->
  <testcase name="@BeforeMethod launchBrowser" time="0.0" classname="test.InputFormDemoTest">
    <skipped/>
  </testcase> <!-- @BeforeMethod launchBrowser -->
  <testcase name="@AfterMethod tearDown" time="0.0" classname="test.InputFormDemoTest">
    <skipped/>
  </testcase> <!-- @AfterMethod tearDown -->
  <testcase name="testPositionData" time="0.0" classname="test.DualListBoxTest">
    <skipped/>
  </testcase> <!-- testPositionData -->
  <testcase name="testPositionData" time="0.0" classname="test.AlertBoxTest">
    <skipped/>
  </testcase> <!-- testPositionData -->
  <testcase name="selectDate" time="0.0" classname="test.BootstrapDatePickerTest">
    <skipped/>
  </testcase> <!-- selectDate -->
  <testcase name="testSortingForPosition" time="0.0" classname="test.TableSortingTest">
    <skipped/>
  </testcase> <!-- testSortingForPosition -->
  <testcase name="switchToWindowAndGetTitle" time="0.0" classname="test.DownloadProgressTest">
    <skipped/>
  </testcase> <!-- switchToWindowAndGetTitle -->
  <testcase name="test2" time="0.0" classname="test.DragAndDropTest">
    <skipped/>
  </testcase> <!-- test2 -->
  <testcase name="switchToWindowAndGetTitle" time="0.0" classname="test.WindowPopUpTest">
    <skipped/>
  </testcase> <!-- switchToWindowAndGetTitle -->
  <testcase name="withValidDetails" time="0.0" classname="test.TableSearchFilterTest">
    <skipped/>
  </testcase> <!-- withValidDetails -->
  <testcase name="withValidDetails" time="0.0" classname="test.InputFormDemoTest">
    <skipped/>
  </testcase> <!-- withValidDetails -->
  <testcase name="withBlankFields" time="0.0" classname="test.InputFormDemoTest">
    <skipped/>
  </testcase> <!-- withBlankFields -->
  <testcase name="test" time="0.0" classname="test.DragAndDropTest">
    <ignored/>
  </testcase> <!-- test -->
</testsuite> <!-- Test -->
